
  .   ____          _            __ _ _
 /\\ / ___'_ __ _ _(_)_ __  __ _ \ \ \ \
( ( )\___ | '_ | '_| | '_ \/ _` | \ \ \ \
 \\/  ___)| |_)| | | | | || (_| |  ) ) ) )
  '  |____| .__|_| |_|_| |_\__, | / / / /
 =========|_|==============|___/=/_/_/_/

 :: Spring Boot ::                (v3.4.4)

2025-11-08T13:03:09.178-05:00  INFO 21428 --- [SpotFinder Platform] [           main] c.s.b.v1.SpotfinderbackendApplication    : Starting SpotfinderbackendApplication v0.0.1-SNAPSHOT using Java 21.0.9 with PID 21428 (C:\Prueba\TrackMind\spotfinder-backend-master\target\v1-0.0.1-SNAPSHOT.jar started by camil in C:\Prueba\TrackMind\spotfinder-backend-master)
2025-11-08T13:03:09.192-05:00  INFO 21428 --- [SpotFinder Platform] [           main] c.s.b.v1.SpotfinderbackendApplication    : No active profile set, falling back to 1 default profile: "default"
2025-11-08T13:03:12.488-05:00  INFO 21428 --- [SpotFinder Platform] [           main] .s.d.r.c.RepositoryConfigurationDelegate : Bootstrapping Spring Data JPA repositories in DEFAULT mode.
2025-11-08T13:03:13.283-05:00  INFO 21428 --- [SpotFinder Platform] [           main] .s.d.r.c.RepositoryConfigurationDelegate : Finished Spring Data repository scanning in 779 ms. Found 11 JPA repository interfaces.
2025-11-08T13:03:13.826-05:00  INFO 21428 --- [SpotFinder Platform] [           main] faultConfiguringBeanFactoryPostProcessor : No bean named 'errorChannel' has been explicitly defined. Therefore, a default PublishSubscribeChannel will be created.
2025-11-08T13:03:13.847-05:00  INFO 21428 --- [SpotFinder Platform] [           main] faultConfiguringBeanFactoryPostProcessor : No bean named 'integrationHeaderChannelRegistry' has been explicitly defined. Therefore, a default DefaultHeaderChannelRegistry will be created.
2025-11-08T13:03:15.997-05:00  INFO 21428 --- [SpotFinder Platform] [           main] o.s.b.w.embedded.tomcat.TomcatWebServer  : Tomcat initialized with port 8080 (http)
2025-11-08T13:03:16.034-05:00  INFO 21428 --- [SpotFinder Platform] [           main] o.apache.catalina.core.StandardService   : Starting service [Tomcat]
2025-11-08T13:03:16.035-05:00  INFO 21428 --- [SpotFinder Platform] [           main] o.apache.catalina.core.StandardEngine    : Starting Servlet engine: [Apache Tomcat/10.1.39]
2025-11-08T13:03:16.232-05:00  INFO 21428 --- [SpotFinder Platform] [           main] o.a.c.c.C.[Tomcat].[localhost].[/]       : Initializing Spring embedded WebApplicationContext
2025-11-08T13:03:16.235-05:00  INFO 21428 --- [SpotFinder Platform] [           main] w.s.c.ServletWebServerApplicationContext : Root WebApplicationContext: initialization completed in 6901 ms
2025-11-08T13:03:16.714-05:00  INFO 21428 --- [SpotFinder Platform] [           main] o.hibernate.jpa.internal.util.LogHelper  : HHH000204: Processing PersistenceUnitInfo [name: default]
2025-11-08T13:03:16.865-05:00  INFO 21428 --- [SpotFinder Platform] [           main] org.hibernate.Version                    : HHH000412: Hibernate ORM core version 6.6.11.Final
2025-11-08T13:03:16.921-05:00  INFO 21428 --- [SpotFinder Platform] [           main] o.h.c.internal.RegionFactoryInitiator    : HHH000026: Second-level cache disabled
2025-11-08T13:03:17.269-05:00  INFO 21428 --- [SpotFinder Platform] [           main] o.s.o.j.p.SpringPersistenceUnitInfo      : No LoadTimeWeaver setup: ignoring JPA class transformer
2025-11-08T13:03:17.305-05:00  INFO 21428 --- [SpotFinder Platform] [           main] com.zaxxer.hikari.HikariDataSource       : HikariPool-1 - Starting...
2025-11-08T13:03:17.520-05:00  INFO 21428 --- [SpotFinder Platform] [           main] com.zaxxer.hikari.pool.HikariPool        : HikariPool-1 - Added connection com.mysql.cj.jdbc.ConnectionImpl@dd07be8
2025-11-08T13:03:17.521-05:00  INFO 21428 --- [SpotFinder Platform] [           main] com.zaxxer.hikari.HikariDataSource       : HikariPool-1 - Start completed.
2025-11-08T13:03:17.604-05:00  INFO 21428 --- [SpotFinder Platform] [           main] org.hibernate.orm.connections.pooling    : HHH10001005: Database info:
	Database JDBC URL [Connecting through datasource 'HikariDataSource (HikariPool-1)']
	Database driver: undefined/unknown
	Database version: 9.1
	Autocommit mode: undefined/unknown
	Isolation level: undefined/unknown
	Minimum pool size: undefined/unknown
	Maximum pool size: undefined/unknown
2025-11-08T13:03:19.176-05:00  INFO 21428 --- [SpotFinder Platform] [           main] o.h.e.t.j.p.i.JtaPlatformInitiator       : HHH000489: No JTA platform available (set 'hibernate.transaction.jta.platform' to enable JTA platform integration)
Hibernate: alter table roles modify column name enum ('ROLE_ADMIN','ROLE_DRIVER','ROLE_PARKING_OWNER')
2025-11-08T13:03:19.322-05:00  INFO 21428 --- [SpotFinder Platform] [           main] j.LocalContainerEntityManagerFactoryBean : Initialized JPA EntityManagerFactory for persistence unit 'default'
2025-11-08T13:03:20.084-05:00  INFO 21428 --- [SpotFinder Platform] [           main] o.s.d.j.r.query.QueryEnhancerFactory     : Hibernate is in classpath; If applicable, HQL parser will be used.
2025-11-08T13:03:21.259-05:00  INFO 21428 --- [SpotFinder Platform] [           main] eAuthenticationProviderManagerConfigurer : Global AuthenticationManager configured with AuthenticationProvider bean with name authenticationProvider
2025-11-08T13:03:21.261-05:00  WARN 21428 --- [SpotFinder Platform] [           main] r$InitializeUserDetailsManagerConfigurer : Global AuthenticationManager configured with an AuthenticationProvider bean. UserDetailsService beans will not be used by Spring Security for automatically configuring username/password login. Consider removing the AuthenticationProvider bean. Alternatively, consider using the UserDetailsService in a manually instantiated DaoAuthenticationProvider. If the current configuration is intentional, to turn off this warning, increase the logging level of 'org.springframework.security.config.annotation.authentication.configuration.InitializeUserDetailsBeanManagerConfigurer' to ERROR
2025-11-08T13:03:22.786-05:00  INFO 21428 --- [SpotFinder Platform] [           main] o.s.i.endpoint.EventDrivenConsumer       : Adding {logging-channel-adapter:_org.springframework.integration.errorLogger} as a subscriber to the 'errorChannel' channel
2025-11-08T13:03:22.789-05:00  INFO 21428 --- [SpotFinder Platform] [           main] o.s.i.channel.PublishSubscribeChannel    : Channel 'SpotFinder Platform.errorChannel' has 1 subscriber(s).
2025-11-08T13:03:22.792-05:00  INFO 21428 --- [SpotFinder Platform] [           main] o.s.i.endpoint.EventDrivenConsumer       : started bean '_org.springframework.integration.errorLogger'
2025-11-08T13:03:22.793-05:00  INFO 21428 --- [SpotFinder Platform] [           main] o.s.i.endpoint.EventDrivenConsumer       : Adding {message-handler:mqttOutbound.serviceActivator} as a subscriber to the 'mqttOutboundChannel' channel
2025-11-08T13:03:22.794-05:00  INFO 21428 --- [SpotFinder Platform] [           main] o.s.integration.channel.DirectChannel    : Channel 'SpotFinder Platform.mqttOutboundChannel' has 1 subscriber(s).
2025-11-08T13:03:22.794-05:00  INFO 21428 --- [SpotFinder Platform] [           main] o.s.i.endpoint.EventDrivenConsumer       : started bean 'mqttOutbound.serviceActivator'
2025-11-08T13:03:22.794-05:00  INFO 21428 --- [SpotFinder Platform] [           main] o.s.i.endpoint.EventDrivenConsumer       : Adding {service-activator:parkingMqttService.handleMqttMessage.serviceActivator} as a subscriber to the 'mqttInputChannel' channel
2025-11-08T13:03:22.794-05:00  INFO 21428 --- [SpotFinder Platform] [           main] o.s.integration.channel.DirectChannel    : Channel 'SpotFinder Platform.mqttInputChannel' has 1 subscriber(s).
2025-11-08T13:03:22.795-05:00  INFO 21428 --- [SpotFinder Platform] [           main] o.s.i.endpoint.EventDrivenConsumer       : started bean 'parkingMqttService.handleMqttMessage.serviceActivator'
2025-11-08T13:03:25.877-05:00 ERROR 21428 --- [SpotFinder Platform] [           main] .m.i.MqttPahoMessageDrivenChannelAdapter : Exception while connecting

org.eclipse.paho.client.mqttv3.MqttSecurityException: Not authorized to connect
	at org.eclipse.paho.client.mqttv3.internal.ExceptionHelper.createMqttException(ExceptionHelper.java:28) ~[org.eclipse.paho.client.mqttv3-1.2.5.jar!/:na]
	at org.eclipse.paho.client.mqttv3.internal.ClientState.notifyReceivedAck(ClientState.java:1053) ~[org.eclipse.paho.client.mqttv3-1.2.5.jar!/:na]
	at org.eclipse.paho.client.mqttv3.internal.CommsReceiver.run(CommsReceiver.java:151) ~[org.eclipse.paho.client.mqttv3-1.2.5.jar!/:na]
	at java.base/java.lang.Thread.run(Thread.java:1583) ~[na:na]

2025-11-08T13:03:25.884-05:00  INFO 21428 --- [SpotFinder Platform] [           main] .m.i.MqttPahoMessageDrivenChannelAdapter : started bean 'mqttInbound'; defined in: 'class path resource [com/spotfinder/backend/v1/shared/infrastructure/messagebroker/MqttConfig.class]'; from source: 'com.spotfinder.backend.v1.shared.infrastructure.messagebroker.MqttConfig.mqttInbound()'
2025-11-08T13:03:25.893-05:00 ERROR 21428 --- [SpotFinder Platform] [           main] .m.i.MqttPahoMessageDrivenChannelAdapter : Exception while unsubscribing

org.eclipse.paho.client.mqttv3.MqttException: Client is not connected
	at org.eclipse.paho.client.mqttv3.internal.ExceptionHelper.createMqttException(ExceptionHelper.java:31) ~[org.eclipse.paho.client.mqttv3-1.2.5.jar!/:na]
	at org.eclipse.paho.client.mqttv3.internal.ClientComms.sendNoWait(ClientComms.java:205) ~[org.eclipse.paho.client.mqttv3-1.2.5.jar!/:na]
	at org.eclipse.paho.client.mqttv3.MqttAsyncClient.unsubscribe(MqttAsyncClient.java:1244) ~[org.eclipse.paho.client.mqttv3-1.2.5.jar!/:na]
	at org.eclipse.paho.client.mqttv3.MqttAsyncClient.unsubscribe(MqttAsyncClient.java:1195) ~[org.eclipse.paho.client.mqttv3-1.2.5.jar!/:na]
	at org.springframework.integration.mqtt.inbound.MqttPahoMessageDrivenChannelAdapter.doStop(MqttPahoMessageDrivenChannelAdapter.java:215) ~[spring-integration-mqtt-6.5.0.jar!/:6.5.0]
	at org.springframework.integration.endpoint.AbstractEndpoint.doStop(AbstractEndpoint.java:211) ~[spring-integration-core-6.4.3.jar!/:6.4.3]
	at org.springframework.integration.endpoint.AbstractEndpoint.stop(AbstractEndpoint.java:192) ~[spring-integration-core-6.4.3.jar!/:6.4.3]
	at org.springframework.context.support.DefaultLifecycleProcessor.doStop(DefaultLifecycleProcessor.java:384) ~[spring-context-6.2.5.jar!/:6.2.5]
	at org.springframework.context.support.DefaultLifecycleProcessor$LifecycleGroup.stop(DefaultLifecycleProcessor.java:526) ~[spring-context-6.2.5.jar!/:6.2.5]
	at java.base/java.lang.Iterable.forEach(Iterable.java:75) ~[na:na]
	at org.springframework.context.support.DefaultLifecycleProcessor.stopBeans(DefaultLifecycleProcessor.java:353) ~[spring-context-6.2.5.jar!/:6.2.5]
	at org.springframework.context.support.DefaultLifecycleProcessor.onRefresh(DefaultLifecycleProcessor.java:245) ~[spring-context-6.2.5.jar!/:6.2.5]
	at org.springframework.context.support.AbstractApplicationContext.finishRefresh(AbstractApplicationContext.java:1006) ~[spring-context-6.2.5.jar!/:6.2.5]
	at org.springframework.context.support.AbstractApplicationContext.refresh(AbstractApplicationContext.java:630) ~[spring-context-6.2.5.jar!/:6.2.5]
	at org.springframework.boot.web.servlet.context.ServletWebServerApplicationContext.refresh(ServletWebServerApplicationContext.java:146) ~[spring-boot-3.4.4.jar!/:3.4.4]
	at org.springframework.boot.SpringApplication.refresh(SpringApplication.java:752) ~[spring-boot-3.4.4.jar!/:3.4.4]
	at org.springframework.boot.SpringApplication.refreshContext(SpringApplication.java:439) ~[spring-boot-3.4.4.jar!/:3.4.4]
	at org.springframework.boot.SpringApplication.run(SpringApplication.java:318) ~[spring-boot-3.4.4.jar!/:3.4.4]
	at org.springframework.boot.SpringApplication.run(SpringApplication.java:1361) ~[spring-boot-3.4.4.jar!/:3.4.4]
	at org.springframework.boot.SpringApplication.run(SpringApplication.java:1350) ~[spring-boot-3.4.4.jar!/:3.4.4]
	at com.spotfinder.backend.v1.SpotfinderbackendApplication.main(SpotfinderbackendApplication.java:14) ~[!/:0.0.1-SNAPSHOT]
	at java.base/jdk.internal.reflect.DirectMethodHandleAccessor.invoke(DirectMethodHandleAccessor.java:103) ~[na:na]
	at java.base/java.lang.reflect.Method.invoke(Method.java:580) ~[na:na]
	at org.springframework.boot.loader.launch.Launcher.launch(Launcher.java:102) ~[v1-0.0.1-SNAPSHOT.jar:0.0.1-SNAPSHOT]
	at org.springframework.boot.loader.launch.Launcher.launch(Launcher.java:64) ~[v1-0.0.1-SNAPSHOT.jar:0.0.1-SNAPSHOT]
	at org.springframework.boot.loader.launch.JarLauncher.main(JarLauncher.java:40) ~[v1-0.0.1-SNAPSHOT.jar:0.0.1-SNAPSHOT]

2025-11-08T13:03:55.908-05:00  INFO 21428 --- [SpotFinder Platform] [           main] .m.i.MqttPahoMessageDrivenChannelAdapter : stopped bean 'mqttInbound'; defined in: 'class path resource [com/spotfinder/backend/v1/shared/infrastructure/messagebroker/MqttConfig.class]'; from source: 'com.spotfinder.backend.v1.shared.infrastructure.messagebroker.MqttConfig.mqttInbound()'
2025-11-08T13:03:55.910-05:00  INFO 21428 --- [SpotFinder Platform] [           main] o.s.i.endpoint.EventDrivenConsumer       : Removing {message-handler:mqttOutbound.serviceActivator} as a subscriber to the 'mqttOutboundChannel' channel
2025-11-08T13:03:55.919-05:00  INFO 21428 --- [SpotFinder Platform] [           main] o.s.integration.channel.DirectChannel    : Channel 'SpotFinder Platform.mqttOutboundChannel' has 0 subscriber(s).
2025-11-08T13:03:55.919-05:00  INFO 21428 --- [SpotFinder Platform] [           main] o.s.i.endpoint.EventDrivenConsumer       : stopped bean 'mqttOutbound.serviceActivator'
2025-11-08T13:03:55.922-05:00  INFO 21428 --- [SpotFinder Platform] [           main] o.s.i.endpoint.EventDrivenConsumer       : Removing {service-activator:parkingMqttService.handleMqttMessage.serviceActivator} as a subscriber to the 'mqttInputChannel' channel
2025-11-08T13:03:55.922-05:00  INFO 21428 --- [SpotFinder Platform] [           main] o.s.integration.channel.DirectChannel    : Channel 'SpotFinder Platform.mqttInputChannel' has 0 subscriber(s).
2025-11-08T13:03:55.923-05:00  INFO 21428 --- [SpotFinder Platform] [           main] o.s.i.endpoint.EventDrivenConsumer       : stopped bean 'parkingMqttService.handleMqttMessage.serviceActivator'
2025-11-08T13:03:55.925-05:00  INFO 21428 --- [SpotFinder Platform] [           main] o.s.i.endpoint.EventDrivenConsumer       : Removing {logging-channel-adapter:_org.springframework.integration.errorLogger} as a subscriber to the 'errorChannel' channel
2025-11-08T13:03:55.926-05:00  INFO 21428 --- [SpotFinder Platform] [           main] o.s.i.channel.PublishSubscribeChannel    : Channel 'SpotFinder Platform.errorChannel' has 0 subscriber(s).
2025-11-08T13:03:55.928-05:00  INFO 21428 --- [SpotFinder Platform] [           main] o.s.i.endpoint.EventDrivenConsumer       : stopped bean '_org.springframework.integration.errorLogger'
2025-11-08T13:03:55.928-05:00  WARN 21428 --- [SpotFinder Platform] [           main] ConfigServletWebServerApplicationContext : Exception encountered during context initialization - cancelling refresh attempt: org.springframework.context.ApplicationContextException: Failed to start bean 'webServerStartStop'
2025-11-08T13:03:55.935-05:00  INFO 21428 --- [SpotFinder Platform] [           main] j.LocalContainerEntityManagerFactoryBean : Closing JPA EntityManagerFactory for persistence unit 'default'
2025-11-08T13:03:55.937-05:00  INFO 21428 --- [SpotFinder Platform] [           main] com.zaxxer.hikari.HikariDataSource       : HikariPool-1 - Shutdown initiated...
2025-11-08T13:03:55.945-05:00  INFO 21428 --- [SpotFinder Platform] [           main] com.zaxxer.hikari.HikariDataSource       : HikariPool-1 - Shutdown completed.
2025-11-08T13:03:55.963-05:00  INFO 21428 --- [SpotFinder Platform] [           main] .s.b.a.l.ConditionEvaluationReportLogger : 

Error starting ApplicationContext. To display the condition evaluation report re-run your application with 'debug' enabled.
2025-11-08T13:03:55.994-05:00 ERROR 21428 --- [SpotFinder Platform] [           main] o.s.b.d.LoggingFailureAnalysisReporter   : 

***************************
APPLICATION FAILED TO START
***************************

Description:

Web server failed to start. Port 8080 was already in use.

Action:

Identify and stop the process that's listening on port 8080 or configure this application to listen on another port.

